/Users/PSP1000909/Learn/nitinkc.github.io/scripts/group_taxonomy_and_save.py:38: DeprecationWarning: datetime.datetime.utcnow() is deprecated and scheduled for removal in a future version. Use timezone-aware objects to represent datetimes in UTC: datetime.datetime.now(datetime.UTC).
  lines.append(f'Generated: {datetime.utcnow().isoformat()} UTC')
Wrote /Users/PSP1000909/Learn/nitinkc.github.io/taxonomy-by-category.md
Updated /Users/PSP1000909/Learn/nitinkc.github.io/taxonomy-proposals.json
/Users/PSP1000909/Learn/nitinkc.github.io/scripts/generate_taxonomy_report.py:34: DeprecationWarning: datetime.datetime.utcnow() is deprecated and scheduled for removal in a future version. Use timezone-aware objects to represent datetimes in UTC: datetime.datetime.now(datetime.UTC).
  lines.append(f'Generated: {datetime.utcnow().isoformat()} UTC')
/Users/PSP1000909/Learn/nitinkc.github.io/scripts/generate_taxonomy_report.py:85: DeprecationWarning: datetime.datetime.utcnow() is deprecated and scheduled for removal in a future version. Use timezone-aware objects to represent datetimes in UTC: datetime.datetime.now(datetime.UTC).
  fh.write(f'Generated: {datetime.utcnow().isoformat()} UTC\n')
Report written to /Users/PSP1000909/Learn/nitinkc.github.io/taxonomy-report.md
Summary appended to /Users/PSP1000909/Learn/nitinkc.github.io/taxonomy-apply.log
Updated posts: 381
- _posts/2025-03-07-denver-nashville-trip.md
- _posts/2025-05-27-roanoke-island-trip.md
- _posts/2024-09-23-gcc-cross-compiler.md
- _posts/2024-09-14-os-kernal.md
- _posts/2025-02-01-solo-trip.md
- _posts/microservices/2024-11-27-webhooks.md
- _posts/microservices/2024-09-12-spring-profile.md
- _posts/microservices/2023-02-21-mapstruct-mapper-details.md
- _posts/microservices/2025-09-22-spring-advanced-testing.md
- _posts/microservices/2025-09-22-ssl-certificates-keystores-complete-guide.md
- _posts/microservices/2019-11-20-zipkin-distributed-tracing.md
- _posts/microservices/2024-09-12-spring-aop.md
- _posts/microservices/2024-07-15-CommandLineRunner.md
- _posts/microservices/2022-10-11-gradle-build-tree.md
- _posts/microservices/2024-11-27-websocket-springboot.md
- _posts/microservices/2023-02-19-jackson-mapper-details.md
- _posts/microservices/2025-09-22-docker-spring-boot.md
- _posts/microservices/2019-11-22-designing-microservice.md
- _posts/microservices/2025-09-22-spring-webflux-reactive.md
- _posts/microservices/2025-09-22-spring-security-concepts.md
- _posts/microservices/2022-02-10-dependency-injection-concepts.md
- _posts/microservices/2024-04-23-test-estimations.md
- _posts/microservices/2023-09-15-spring-Swagger-Documentation.md
- _posts/microservices/2019-11-22-spring-cloud-config-server.md
- _posts/microservices/2025-09-22-flyway-database-migration.md
- _posts/microservices/2024-02-23-spring-beans.md
- _posts/microservices/2024-03-11-redis-cache.md
- _posts/microservices/2024-07-28-springboot-with-virtualThreads.md
- _posts/microservices/2024-04-19-ssl-certificate-issue.md
- _posts/microservices/2022-07-27-interface-default-method.md
- _posts/microservices/2024-03-06-rest-template.md
- _posts/microservices/2019-11-20-spring-cloud-sleuth.md
- _posts/microservices/2024-07-18-Prometheus-micrometer.md
- _posts/microservices/2024-12-05-springboot-startup.md
- _posts/microservices/2024-11-27-sse-springboot.md
- _posts/microservices/2022-02-10-spring-transactions.md
- _posts/microservices/2023-10-24-essential-kafka.md
- _posts/microservices/2025-01-17-spring-security.md
- _posts/microservices/2024-04-25-GCP-logs.md
- _posts/microservices/2024-04-04-spring-actuator.md
- _posts/microservices/2024-07-25-caffeine-cache.md
- _posts/microservices/2024-03-13-spring-scheduler.md
- _posts/microservices/2025-09-22-resilience4j-spring-boot.md
- _posts/microservices/2022-02-10-hibernate.md
- _posts/systems_design/2024-06-13-ContainersVsVirtualMc.md
- _posts/systems_design/2024-01-20-Consistency-in-Distributed-systems.md
- _posts/systems_design/2024-07-06-zookeeper.md
- _posts/systems_design/2024-06-13-System-design-drills.md
- _posts/systems_design/2024-09-16-monitoringLogging.md
- _posts/systems_design/2024-12-21-DAU.md
- _posts/systems_design/2024-06-13-Distributed-messaging.md
- _posts/systems_design/2024-06-17-Deployments.md
- _posts/systems_design/2024-06-17-Distributed-Systems.md
- _posts/systems_design/2024-12-21-DB-storage-requirements.md
- _posts/systems_design/2024-01-15-Back-of-the-envelope-estimations.md
- _posts/systems_design/2024-06-17-Distributed-Computations.md
- _posts/systems_design/2021-01-31-scaling.md
- _posts/systems_design/2025-05-03-systems-design-plan.md
- _posts/systems_design/2024-06-14-API-Gateway.md
- _posts/systems_design/2024-06-14-LiveStreaming.md
- _posts/systems_design/2024-07-08-paxos.md
- _posts/systems_design/2024-06-14-ScanToPay.md
- _posts/systems_design/2024-06-29-TechStack.md
- _posts/systems_design/2024-06-21-bloom-filters.md
- _posts/systems_design/2024-06-14-ConsistentHashing.md
- _posts/systems_design/2024-06-17-CAP-Theorem.md
- _posts/systems_design/2024-12-21-Network-requirements.md
- _posts/systems_design/2024-01-21-Rate-limiting.md
- _posts/misc/2025-04-09-dressing-clothing.md
- _posts/misc/2025-04-13-US-history-summary.md
- _posts/misc/2022-01-17-useful-excel-formule.md
- _posts/misc/2016-04-14-linux-files.md
- _posts/misc/2021-02-14-Mahabharatha-family-tree.md
- _posts/misc/2022-01-25-SonyA7iii-Camera-Panning.md
- _posts/misc/2022-11-24-Shodashah-Sanskara.md
- _posts/misc/2023-03-05-Trading.md
- _posts/misc/2024-06-30-Shlokas.md
- _posts/misc/2022-01-25-SonyA7iii-Camera-Settings.md
- _posts/misc/2024-09-19-book-binding-basics.md
- _posts/misc/2023-05-22-javascript.md
- _posts/misc/2024-09-09-rocks-geography.md
- _posts/misc/2025-05-15-the-project-phoenix.md
- _posts/misc/2022-03-27-Gardening.md
- _posts/misc/2024-01-15-legal-vocab.md
- _posts/misc/2025-05-13-interview-intro.md
- _posts/misc/2024-06-17-behavioural.md
- _posts/databases/2021-04-16-MySql-to-Spanner-migration.md
- _posts/databases/2023-05-27-import-mysql-data-dump.md
- _posts/databases/2025-07-09-databricks.md
- _posts/devops/2025-04-29-kubernetes-concepts.md
- _posts/devops/2025-04-29-Kubernetes-commands.md
- _posts/devops/2023-10-04-docker-commands.md
- _posts/devops/2025-04-29-kubernetes-on-GKE.md
- _posts/devops/2024-12-08-terraform.md
- _posts/devops/2024-09-24-jenkins.md
- _posts/devops/2024-09-23-start-devops-learning.md
- _posts/devops/2025-04-29-deployment-processes-devops.md
- _posts/devops/2024-09-18-gitlab-cd.md
- _posts/devops/2024-09-18-flux-release.md
- _posts/devops/2024-09-17-git-ops.md
- _posts/devops/2024-09-17-helm-charts.md
- _posts/devops/2024-09-17-terraform.md
- _posts/python/2023-03-13-python.md
- _posts/health/2024-12-24-veg-healthy-snacks.md
- _posts/health/2024-12-24-veg-stock.md
- _posts/health/2025-01-07-healthy-breakfast.md
- _posts/health/2025-01-07-strength-training.md
- _posts/health/2024-12-20-health-drinks.md
- _posts/health/2025-01-16-Yog&Pranayam.md
- _posts/health/2024-12-24-food-options.md
- _posts/health/2024-12-24-salad-dressings.md
- _posts/health/2025-01-07-workout-meals.md
- _posts/health/2024-12-24-health-science.md
- _posts/health/2024-12-24-soups.md
- _posts/health/2025-01-07-rotis.md
- _posts/health/2025-01-26-Yog.md
- _posts/health/2025-01-25-Diet.md
- _posts/health/2023-06-17-millets.md
- _posts/health/2025-01-07-rice-substitutes.md
- _posts/health/2025-01-07-breads.md
- _posts/health/2024-12-24-dry-fruits.md
- _posts/health/2024-12-24-salad-diet-plan.md
- _posts/science/2024-11-03-capacitors.md
- _posts/science/2024-10-25-electronic-basics.md
- _posts/science/2024-11-12-diodes.md
- _posts/science/2024-11-03-not-gate.md
- _posts/science/2024-10-29-raspberryPi.md
- _posts/science/2024-11-17-RGB-LED.md
- _posts/science/2024-10-29-boards.md
- _posts/science/2024-11-03-IR-sender-receiver.md
- _posts/science/2024-11-17-arduino-uno.md
- _posts/science/2024-11-17-Ultrasonic-sensor.md
- _posts/science/2024-10-25-electronic-components.md
- _posts/science/2024-11-17-Servo-motor.md
- _posts/science/2024-10-25-electronics-study-plan.md
- _posts/science/2024-10-29-basic-twin-engine-plane.md
- _posts/science/2024-11-03-soft_start.md
- _posts/science/2024-10-29-basic-drone.md
- _posts/science/2025-02-02-Kids-Science-experiments.md
- _posts/science/2024-11-03-ldr.md
- _posts/Algo/2021-10-30-coding-hints.md
- _posts/Algo/2022-02-03-array-syntax.md
- _posts/Algo/2023-12-18-algo-drills.md
- _posts/Algo/2016-04-09-stacks.md
- _posts/Algo/2025-01-01-data-structures-java.md
- _posts/Algo/2021-10-30-syntax-reference.md
- _posts/Algo/2022-02-02-sets.md
- _posts/Algo/2021-04-16-Searching.md
- _posts/Algo/2016-04-11-queues.md
- _posts/Algo/2025-04-30-data-structures-java.md
- _posts/Algo/2016-04-09-linked-list.md
- _posts/Algo/2024-07-14-dynamic-programming-2.md
- _posts/Algo/2024-07-14-dynamic-programming.md
- _posts/Algo/2022-02-02-iterator.md
- _posts/Algo/2016-11-25-array-problems.md
- _posts/Algo/2024-07-14-dynamic-programming-3.md
- _posts/management/2025-05-28-tech-books.md
- _posts/management/2024-09-19-agile.md
- _posts/management/2025-05-28-comp-sc-terms.md
- _posts/management/2025-05-21-management-aphorisms.md
- _posts/management/2025-07-18-scrum.md
- _posts/management/2025-05-28-psyco-concepts.md
- _posts/Java/2022-11-21-function.md
- _posts/Java/2023-11-24-exceptions.md
- _posts/Java/2022-08-07-lambda-expressions.md
- _posts/Java/2024-08-17-compiler-code-optimization.md
- _posts/Java/2024-08-21-nested-class.md
- _posts/Java/2022-11-21-higher-order-function.md
- _posts/Java/2022-11-21-supplier.md