
Categories (count):

Category                   Count
-----------------------  -------
Java                          79
System Design                 59
Microservices                 53
Algorithms                    33
Developer tools               25
Miscellaneous                 23
Health                        19
Electronics                   18
Multithreading                16
Performance Engineering       15
SQL                           15
DevOps                        13
Design Patterns               12
Git                           10
GitOps                        10
Architecture                   9
GCP                            7
Management                     6
Spring                         6
Finance                        4
MacBook                        4
Database                       3
Testing                        3
Machine Learning               2
Python                         1

Top 40 tags (count):

Tag                        Count
-----------------------  -------
System Design                 63
Java                          54
Algorithms                    33
Spring Boot                   30
Miscellaneous                 25
Health                        19
Developer tools               18
Electronics                   18
Multithreading                16
Performance Engineering       15
SQL                           15
Git                           10
GitOps                        10
CRUD                           9
Microservices                  9
Architectural Styles           4
Database                       4
Finances                       4
Google Cloud Platform          4
MacBook                        4
Spring                         4
Testing                        4
JUnit                          3
Shortcuts                      3
DevOps                         2
GCP                            2
Machine Learning               2
Photography                    2
Real-time                      2
Architecture                   1
Management                     1

Files needing changes: 1 (apply=yes)
- _posts/microservices/testing/2025-06-23-bdd-jbehave.md: categories ['Testing'] -> ['Microservices']; tags ['Java', 'Testing'] -> ['Java', 'Testing']


# Taxonomy report summary appended
Generated: 2025-12-25T03:50:36.352559 UTC
Proposed changes (count): 0


# Taxonomy proposals JSON written
Written: 2025-12-25T03:51:06.577798 UTC
Proposals count: 381


# Taxonomy report summary appended
Generated: 2025-12-25T03:57:50.747508 UTC
Proposed changes (count): 33
- _posts/Algo/2021-10-30-coding-hints.md: categories [] -> ['Algorithms']; tags [] -> ['Algorithms']
- _posts/Algo/2022-02-03-array-syntax.md: categories [] -> ['Algorithms']; tags [] -> ['Algorithms']
- _posts/Algo/2023-12-18-algo-drills.md: categories [] -> ['Algorithms']; tags [] -> ['Algorithms']
- _posts/Algo/2016-04-09-stacks.md: categories [] -> ['Algorithms']; tags [] -> ['Algorithms']
- _posts/Algo/2025-01-01-data-structures-java.md: categories [] -> ['Algorithms']; tags [] -> ['Algorithms']
- _posts/Algo/2021-10-30-syntax-reference.md: categories [] -> ['Algorithms']; tags [] -> ['Algorithms']
- _posts/Algo/2022-02-02-sets.md: categories [] -> ['Algorithms']; tags [] -> ['Algorithms']
- _posts/Algo/2021-04-16-Searching.md: categories [] -> ['Algorithms']; tags [] -> ['Algorithms']
- _posts/Algo/2016-04-11-queues.md: categories [] -> ['Algorithms']; tags [] -> ['Algorithms']
- _posts/Algo/2025-04-30-data-structures-java.md: categories [] -> ['Algorithms']; tags [] -> ['Algorithms']
- _posts/Algo/2016-04-09-linked-list.md: categories [] -> ['Algorithms']; tags [] -> ['Algorithms']
- _posts/Algo/2024-07-14-dynamic-programming-2.md: categories [] -> ['Algorithms']; tags [] -> ['Algorithms']
- _posts/Algo/2024-07-14-dynamic-programming.md: categories [] -> ['Algorithms']; tags [] -> ['Algorithms']
- _posts/Algo/2022-02-02-iterator.md: categories [] -> ['Algorithms']; tags [] -> ['Algorithms']
- _posts/Algo/2016-11-25-array-problems.md: categories [] -> ['Algorithms']; tags [] -> ['Algorithms']
- _posts/Algo/2024-07-14-dynamic-programming-3.md: categories [] -> ['Algorithms']; tags [] -> ['Algorithms']
- _posts/Algo/trees/2025-01-21-b-b+-m-ary-trees.md: categories [] -> ['Algorithms']; tags [] -> ['Algorithms']
- _posts/Algo/trees/2025-01-20-avl-tree.md: categories [] -> ['Algorithms']; tags [] -> ['Algorithms']
- _posts/Algo/trees/2021-11-05-Heaps.md: categories [] -> ['Algorithms']; tags [] -> ['Algorithms']
- _posts/Algo/trees/2024-07-18-BFS.md: categories [] -> ['Algorithms']; tags [] -> ['Algorithms']
- _posts/Algo/trees/2016-04-09-trees.md: categories [] -> ['Algorithms']; tags [] -> ['Algorithms']
- _posts/Algo/utils/2022-02-02-strings.md: categories [] -> ['Algorithms']; tags [] -> ['Algorithms']
- _posts/Algo/utils/2023-12-04-Arrays_Collections.md: categories [] -> ['Algorithms']; tags [] -> ['Algorithms']
- _posts/Algo/utils/2023-12-04-Math.md: categories [] -> ['Algorithms']; tags [] -> ['Algorithms']
- _posts/Algo/primitives/2023-11-29-Character.md: categories [] -> ['Algorithms']; tags [] -> ['Algorithms']
- _posts/Algo/primitives/2017-02-01-maps.md: categories [] -> ['Algorithms']; tags [] -> ['Algorithms']
- _posts/Algo/primitives/2023-12-03-Double.md: categories [] -> ['Algorithms']; tags [] -> ['Algorithms']
- _posts/Algo/primitives/2022-02-26-boolean.md: categories [] -> ['Algorithms']; tags [] -> ['Algorithms']
- _posts/Algo/primitives/2023-11-27-integer.md: categories [] -> ['Algorithms']; tags [] -> ['Algorithms']
- _posts/Algo/primitives/2023-11-27-bitwise-coding.md: categories [] -> ['Algorithms']; tags [] -> ['Algorithms']
- _posts/Algo/graphs/2024-06-15-union-find.md: categories [] -> ['Algorithms']; tags [] -> ['Algorithms']
- _posts/Algo/graphs/2024-07-17-DFS.md: categories [] -> ['Algorithms']; tags [] -> ['Algorithms']
- _posts/Algo/graphs/2024-07-16-Graphs.md: categories [] -> ['Algorithms']; tags [] -> ['Algorithms']


# Taxonomy report summary appended
Generated: 2025-12-25T03:59:52.646893 UTC
Proposed changes (count): 161
- _posts/microservices/2024-11-27-webhooks.md: categories ['Microservices'] -> ['Microservices']; tags ['Spring Boot', 'Security', 'Guide', 'Best Practices', 'Microservices'] -> ['Spring Boot', 'Security', 'Guide']
- _posts/microservices/2024-09-12-spring-profile.md: categories ['Microservices'] -> ['Microservices']; tags ['Spring Boot', 'Microservices'] -> ['Spring Boot']
- _posts/microservices/2023-02-21-mapstruct-mapper-details.md: categories ['Microservices'] -> ['Microservices']; tags ['Spring Boot', 'Microservices'] -> ['Spring Boot']
- _posts/microservices/2025-09-22-ssl-certificates-keystores-complete-guide.md: categories ['Microservices'] -> ['Microservices']; tags ['Security', 'Guide', 'Microservices'] -> ['Security', 'Guide']
- _posts/microservices/2024-09-12-spring-aop.md: categories ['Microservices'] -> ['Microservices']; tags ['Spring Boot', 'Microservices'] -> ['Spring Boot']
- _posts/microservices/2024-07-15-CommandLineRunner.md: categories ['Microservices'] -> ['Microservices']; tags ['Spring Boot', 'Microservices'] -> ['Spring Boot']
- _posts/microservices/2022-10-11-gradle-build-tree.md: categories ['Microservices'] -> ['Microservices']; tags ['Spring Boot', 'Build Tools', 'Microservices'] -> ['Spring Boot', 'Build Tools']
- _posts/microservices/2024-11-27-websocket-springboot.md: categories ['Microservices'] -> ['Microservices']; tags ['Spring Boot', 'Real-time', 'Guide', 'Microservices'] -> ['Spring Boot', 'Real-time', 'Guide']
- _posts/microservices/2023-02-19-jackson-mapper-details.md: categories ['Microservices'] -> ['Microservices']; tags ['Spring Boot', 'Microservices'] -> ['Spring Boot']
- _posts/microservices/2019-11-22-designing-microservice.md: categories ['Microservices'] -> ['Microservices']; tags ['Spring Boot', 'Microservices'] -> ['Spring Boot']
- _posts/microservices/2022-02-10-dependency-injection-concepts.md: categories ['Microservices'] -> ['Microservices']; tags ['Spring Boot', 'Microservices'] -> ['Spring Boot']
- _posts/microservices/2024-04-23-test-estimations.md: categories ['Microservices'] -> ['Microservices']; tags ['Spring Boot', 'Microservices'] -> ['Spring Boot']
- _posts/microservices/2023-09-15-spring-Swagger-Documentation.md: categories ['Microservices'] -> ['Microservices']; tags ['Spring Boot', 'Microservices'] -> ['Spring Boot']
- _posts/microservices/2019-11-22-spring-cloud-config-server.md: categories ['Microservices'] -> ['Microservices']; tags ['Spring Boot', 'Microservices'] -> ['Spring Boot']
- _posts/microservices/2024-02-23-spring-beans.md: categories ['Microservices'] -> ['Microservices']; tags ['Spring Boot', 'Microservices'] -> ['Spring Boot']
- _posts/microservices/2024-03-11-redis-cache.md: categories ['Microservices'] -> ['Microservices']; tags ['Redis', 'Microservices'] -> ['Redis']
- _posts/microservices/2024-07-28-springboot-with-virtualThreads.md: categories ['Microservices'] -> ['Microservices']; tags ['Spring Boot', 'Microservices'] -> ['Spring Boot']
- _posts/microservices/2024-04-19-ssl-certificate-issue.md: categories ['Microservices'] -> ['Microservices']; tags ['Spring Boot', 'Security', 'Microservices'] -> ['Spring Boot', 'Security']
- _posts/microservices/2024-03-06-rest-template.md: categories ['Microservices'] -> ['Microservices']; tags ['REST', 'Microservices'] -> ['REST']
- _posts/microservices/2019-11-20-spring-cloud-sleuth.md: categories ['Microservices'] -> ['Microservices']; tags ['Spring Boot', 'Microservices'] -> ['Spring Boot']
- _posts/microservices/2024-07-18-Prometheus-micrometer.md: categories ['Microservices'] -> ['Microservices']; tags ['Spring Boot', 'Guide', 'Microservices'] -> ['Spring Boot', 'Guide']
- _posts/microservices/2024-12-05-springboot-startup.md: categories ['Microservices'] -> ['Microservices']; tags ['Spring Boot', 'Microservices'] -> ['Spring Boot']
- _posts/microservices/2024-11-27-sse-springboot.md: categories ['Microservices'] -> ['Microservices']; tags ['Spring Boot', 'Real-time', 'Guide', 'Microservices'] -> ['Spring Boot', 'Real-time', 'Guide']
- _posts/microservices/2022-02-10-spring-transactions.md: categories ['Microservices'] -> ['Microservices']; tags ['Spring Boot', 'Microservices'] -> ['Spring Boot']
- _posts/microservices/2023-10-24-essential-kafka.md: categories ['Microservices'] -> ['Microservices']; tags ['Kafka', 'Real-time', 'Microservices'] -> ['Real-time']
- _posts/microservices/2025-01-17-spring-security.md: categories ['Microservices'] -> ['Microservices']; tags ['Spring Boot', 'Security', 'Microservices'] -> ['Spring Boot', 'Security']
- _posts/microservices/2024-04-25-GCP-logs.md: categories ['Microservices'] -> ['Microservices']; tags ['Spring Boot', 'Microservices'] -> ['Spring Boot']
- _posts/microservices/2024-04-04-spring-actuator.md: categories ['Microservices'] -> ['Microservices']; tags ['Spring Boot', 'Microservices'] -> ['Spring Boot']
- _posts/microservices/2024-07-25-caffeine-cache.md: categories ['Microservices'] -> ['Microservices']; tags ['Spring Boot', 'Redis', 'Microservices'] -> ['Spring Boot', 'Redis']
- _posts/microservices/2024-03-13-spring-scheduler.md: categories ['Microservices'] -> ['Microservices']; tags ['Spring Boot', 'Microservices'] -> ['Spring Boot']
- _posts/microservices/2022-02-10-hibernate.md: categories ['Microservices'] -> ['Microservices']; tags ['Spring Boot', 'Microservices'] -> ['Spring Boot']
- _posts/systems_design/2024-01-20-Consistency-in-Distributed-systems.md: categories ['System Design'] -> ['System Design']; tags ['Consistency', 'System Design'] -> ['System Design']
- _posts/systems_design/2024-06-13-Distributed-messaging.md: categories ['System Design'] -> ['System Design']; tags ['Messaging', 'System Design'] -> ['System Design']
- _posts/systems_design/2021-01-31-scaling.md: categories ['System Design'] -> ['System Design']; tags ['Scalability', 'System Design'] -> ['System Design']
- _posts/systems_design/2024-06-14-API-Gateway.md: categories ['System Design'] -> ['System Design']; tags ['API Gateway', 'System Design'] -> ['System Design']
- _posts/systems_design/2024-06-17-CAP-Theorem.md: categories ['System Design'] -> ['System Design']; tags ['CAP Theorem', 'System Design'] -> ['System Design']
- _posts/systems_design/2024-01-21-Rate-limiting.md: categories ['System Design'] -> ['System Design']; tags ['Rate Limiting', 'System Design'] -> ['System Design']
- _posts/databases/2021-04-16-MySql-to-Spanner-migration.md: categories ['Database'] -> ['Database']; tags ['MySQL', 'Spanner', 'Migration', 'SQL', 'Database'] -> ['MySQL', 'Spanner', 'SQL']
- _posts/databases/2023-05-27-import-mysql-data-dump.md: categories ['Database'] -> ['Database']; tags ['MySQL', 'SQL', 'Database'] -> ['MySQL', 'SQL']
- _posts/devops/2025-04-29-kubernetes-concepts.md: categories ['DevOps'] -> ['DevOps']; tags ['Kubernetes', 'DevOps'] -> ['Kubernetes']
- _posts/devops/2025-04-29-Kubernetes-commands.md: categories ['DevOps', 'GitOps'] -> ['DevOps', 'GitOps']; tags ['Kubernetes', 'GitOps', 'DevOps'] -> ['Kubernetes', 'GitOps']
- _posts/devops/2023-10-04-docker-commands.md: categories ['DevOps', 'GitOps'] -> ['DevOps', 'GitOps']; tags ['GitOps', 'Docker', 'DevOps'] -> ['GitOps']
- _posts/devops/2025-04-29-kubernetes-on-GKE.md: categories ['DevOps'] -> ['DevOps']; tags ['Kubernetes', 'DevOps'] -> ['Kubernetes']
- _posts/devops/2024-12-08-terraform.md: categories ['DevOps', 'GitOps'] -> ['DevOps', 'GitOps']; tags ['Terraform', 'GitOps', 'DevOps'] -> ['Terraform', 'GitOps']
- _posts/devops/2024-09-24-jenkins.md: categories ['DevOps', 'GitOps'] -> ['DevOps', 'GitOps']; tags ['Jenkins', 'GitOps', 'DevOps'] -> ['GitOps']
- _posts/devops/2024-09-23-start-devops-learning.md: categories ['DevOps', 'GitOps'] -> ['DevOps', 'GitOps']; tags ['GitOps', 'DevOps'] -> ['GitOps']
- _posts/devops/2024-09-18-gitlab-cd.md: categories ['DevOps', 'GitOps'] -> ['DevOps', 'GitOps']; tags ['GitOps', 'DevOps'] -> ['GitOps']
- _posts/devops/2024-09-18-flux-release.md: categories ['DevOps', 'GitOps'] -> ['DevOps', 'GitOps']; tags ['GitOps', 'DevOps'] -> ['GitOps']
- _posts/devops/2024-09-17-git-ops.md: categories ['DevOps', 'GitOps'] -> ['DevOps', 'GitOps']; tags ['GitOps', 'DevOps'] -> ['GitOps']
- _posts/devops/2024-09-17-helm-charts.md: categories ['DevOps', 'GitOps'] -> ['DevOps', 'GitOps']; tags ['GitOps', 'DevOps'] -> ['GitOps']
- _posts/devops/2024-09-17-terraform.md: categories ['DevOps', 'GitOps'] -> ['DevOps', 'GitOps']; tags ['Terraform', 'GitOps', 'DevOps'] -> ['Terraform', 'GitOps']
- _posts/health/2025-01-07-strength-training.md: categories ['Health'] -> ['Health']; tags ['Fitness', 'Health'] -> ['Fitness']
- _posts/health/2025-01-16-Yog&Pranayam.md: categories ['Health'] -> ['Health']; tags ['Yoga', 'Health'] -> ['Yoga']
- _posts/health/2025-01-07-workout-meals.md: categories ['Health'] -> ['Health']; tags ['Fitness', 'Health'] -> ['Fitness']
- _posts/health/2024-12-24-health-science.md: categories ['Health'] -> ['Health']; tags ['Nutrition', 'Guide', 'Health'] -> ['Nutrition', 'Guide']
- _posts/health/2025-01-26-Yog.md: categories ['Health'] -> ['Health']; tags ['Yoga', 'Health'] -> ['Yoga']
- _posts/health/2025-01-25-Diet.md: categories ['Health'] -> ['Health']; tags ['Nutrition', 'Health'] -> ['Nutrition']
- _posts/health/2024-12-24-salad-diet-plan.md: categories ['Health'] -> ['Health']; tags ['Nutrition', 'Health'] -> ['Nutrition']
- _posts/science/2024-10-29-raspberryPi.md: categories ['Electronics'] -> ['Electronics']; tags ['Raspberry Pi', 'Electronics'] -> ['Electronics']
- _posts/science/2024-11-17-RGB-LED.md: categories ['Electronics'] -> ['Electronics']; tags ['LED', 'Electronics'] -> ['Electronics']
- _posts/science/2024-11-17-arduino-uno.md: categories ['Electronics'] -> ['Electronics']; tags ['Arduino', 'Electronics'] -> ['Electronics']
- _posts/science/2024-11-17-Ultrasonic-sensor.md: categories ['Electronics'] -> ['Electronics']; tags ['Sensors', 'Electronics'] -> ['Sensors']
- _posts/science/2024-11-03-ldr.md: categories ['Electronics'] -> ['Electronics']; tags ['Sensors', 'Electronics'] -> ['Sensors']
- _posts/Algo/2021-10-30-coding-hints.md: categories [] -> ['Algorithms']; tags ['Algorithms'] -> ['Algorithms']
- _posts/Algo/2022-02-03-array-syntax.md: categories [] -> ['Algorithms']; tags ['Arrays', 'Algorithms'] -> ['Arrays']
- _posts/Algo/2023-12-18-algo-drills.md: categories [] -> ['Algorithms']; tags ['Algorithms'] -> ['Algorithms']
- _posts/Algo/2016-04-09-stacks.md: categories [] -> ['Algorithms']; tags ['Stacks', 'Algorithms'] -> ['Algorithms']
- _posts/Algo/2025-01-01-data-structures-java.md: categories [] -> ['Algorithms']; tags ['Algorithms'] -> ['Algorithms']
- _posts/Algo/2021-10-30-syntax-reference.md: categories [] -> ['Algorithms']; tags ['Algorithms'] -> ['Algorithms']
- _posts/Algo/2022-02-02-sets.md: categories [] -> ['Algorithms']; tags ['Algorithms'] -> ['Algorithms']
- _posts/Algo/2021-04-16-Searching.md: categories [] -> ['Algorithms']; tags ['Searching', 'Algorithms'] -> ['Algorithms']
- _posts/Algo/2016-04-11-queues.md: categories [] -> ['Algorithms']; tags ['Queues', 'Algorithms'] -> ['Algorithms']
- _posts/Algo/2025-04-30-data-structures-java.md: categories [] -> ['Algorithms']; tags ['Algorithms'] -> ['Algorithms']
- _posts/Algo/2016-04-09-linked-list.md: categories [] -> ['Algorithms']; tags ['Algorithms'] -> ['Algorithms']
- _posts/Algo/2024-07-14-dynamic-programming-2.md: categories [] -> ['Algorithms']; tags ['Dynamic Programming', 'Algorithms'] -> ['Dynamic Programming']
- _posts/Algo/2024-07-14-dynamic-programming.md: categories [] -> ['Algorithms']; tags ['Dynamic Programming', 'Algorithms'] -> ['Dynamic Programming']
- _posts/Algo/2022-02-02-iterator.md: categories [] -> ['Algorithms']; tags ['Algorithms'] -> ['Algorithms']
- _posts/Algo/2016-11-25-array-problems.md: categories [] -> ['Algorithms']; tags ['Arrays', 'Algorithms'] -> ['Arrays']
- _posts/Algo/2024-07-14-dynamic-programming-3.md: categories [] -> ['Algorithms']; tags ['Dynamic Programming', 'Algorithms'] -> ['Dynamic Programming']
- _posts/Java/2022-11-21-function.md: categories ['Java'] -> ['Java']; tags ['Functional', 'Java'] -> ['Functional']
- _posts/Java/2022-08-07-lambda-expressions.md: categories ['Java'] -> ['Java']; tags ['Functional', 'Java'] -> ['Functional']
- _posts/Java/2022-11-21-supplier.md: categories ['Java'] -> ['Java']; tags ['Functional', 'Java'] -> ['Functional']
- _posts/Java/2022-08-03-streams-issues.md: categories ['Java'] -> ['Java']; tags ['Streams', 'Java'] -> ['Streams']
- _posts/Java/2022-11-21-java-generics.md: categories ['Java'] -> ['Java']; tags ['Generics', 'Java'] -> ['Generics']
- _posts/Java/2022-08-06-generics.md: categories ['Java'] -> ['Java']; tags ['Generics', 'Java'] -> ['Generics']
- _posts/Java/2022-11-21-predicate.md: categories ['Java'] -> ['Java']; tags ['Functional', 'Java'] -> ['Functional']
- _posts/Java/2022-11-21-consumer.md: categories ['Java'] -> ['Java']; tags ['Functional', 'Java'] -> ['Functional']
- _posts/Java/2023-01-01-parallel-streams.md: categories ['Java'] -> ['Java']; tags ['Streams', 'Java'] -> ['Streams']
- _posts/Java/2022-10-20-serialization.md: categories ['Java'] -> ['Java']; tags ['Serialization', 'Java'] -> ['Java']
- _posts/Java/2024-08-21-java-compilation.md: categories ['Java'] -> ['Java']; tags ['Garbage Collection', 'Java'] -> ['Garbage Collection']
- _posts/Java/2022-09-06-streams.md: categories ['Java'] -> ['Java']; tags ['Streams', 'Java'] -> ['Streams']
- _posts/Java/2024-07-26-scopes.md: categories ['Java', 'Multithreading'] -> ['Java', 'Multithreading']; tags ['Multithreading', 'Java'] -> ['Multithreading']
- _posts/Java/2025-04-08-Collectors-in-Java-Stream.md: categories ['Java'] -> ['Java']; tags ['Streams', 'Java'] -> ['Streams']
- _posts/Java/2022-08-06-functional-programming.md: categories ['Java'] -> ['Java']; tags ['Functional', 'Java'] -> ['Functional']
- _posts/gcp/2022-08-25-google-bigQuery.md: categories ['GCP'] -> ['GCP']; tags ['BigQuery', 'GCP'] -> ['GCP']
- _posts/gcp/2021-04-11-Spanner-Db.md: categories ['GCP'] -> ['GCP']; tags ['Spanner', 'GCP'] -> ['Spanner']
- _posts/design-patterns/2023-11-27-lazy.md: categories ['Java', 'Design Patterns'] -> ['Java', 'Design Patterns']; tags ['Functional', 'Java'] -> ['Functional']
- _posts/developertools/2023-05-27-dBeaver-settings.md: categories ['Developer tools'] -> ['Developer tools']; tags ['Tools', 'Developer tools'] -> ['Developer tools']
- _posts/developertools/2021-02-01-terminal-config.md: categories ['Developer tools', 'MacBook'] -> ['Developer tools', 'MacBook']; tags ['MacBook', 'Terminal', 'Developer tools'] -> ['MacBook', 'Terminal']
- _posts/developertools/2021-02-10-macbook-configurations.md: categories ['Developer tools', 'MacBook'] -> ['Developer tools', 'MacBook']; tags ['MacBook', 'Developer tools'] -> ['MacBook']
- _posts/developertools/2022-01-22-mac-settings.md: categories ['Developer tools', 'MacBook'] -> ['Developer tools', 'MacBook']; tags ['MacBook', 'Developer tools'] -> ['MacBook']
- _posts/developertools/2022-02-12-terminal-commands.md: categories ['Developer tools'] -> ['Developer tools']; tags ['Terminal', 'Developer tools'] -> ['Terminal']
- _posts/developertools/2022-08-13-brew-package-migration.md: categories ['Developer tools'] -> ['Developer tools']; tags ['MacBook', 'Developer tools'] -> ['MacBook']
- _posts/developertools/2016-07-31-Mac-Upgrade.md: categories ['Developer tools'] -> ['Developer tools']; tags ['MacBook', 'Developer tools'] -> ['MacBook']
- _posts/developertools/2023-07-12-profile-settings.md: categories ['Developer tools', 'MacBook'] -> ['Developer tools', 'MacBook']; tags ['MacBook', 'Terminal', 'Developer tools'] -> ['MacBook', 'Terminal']
- _posts/developertools/intelliJ/2023-11-10-intelliJ-Debug-tricks.md: categories ['Developer tools'] -> ['Developer tools']; tags ['IntelliJ', 'Developer tools'] -> ['IntelliJ']
- _posts/developertools/intelliJ/2024-06-03-intelliJ-shortcuts-drill.md: categories ['Developer tools'] -> ['Developer tools']; tags ['IntelliJ', 'Developer tools'] -> ['IntelliJ']
- _posts/developertools/intelliJ/2021-02-07-inteliJ-Idea-CE-settings.md: categories ['Developer tools'] -> ['Developer tools']; tags ['IntelliJ', 'Developer tools'] -> ['IntelliJ']
- _posts/developertools/intelliJ/2021-11-03-intelliJ-Idea-shortcuts.md: categories ['Developer tools'] -> ['Developer tools']; tags ['IntelliJ', 'Developer tools'] -> ['IntelliJ']
- _posts/Java/performanceEngineering/2024-02-10-GarbageCollections.md: categories ['Java', 'Performance Engineering'] -> ['Java', 'Performance Engineering']; tags ['Garbage Collection', 'Java'] -> ['Garbage Collection']
- _posts/Java/performanceEngineering/2024-04-09-jvm-agruments.md: categories ['Java', 'Performance Engineering'] -> ['Java', 'Performance Engineering']; tags ['Garbage Collection', 'Java'] -> ['Garbage Collection']
- _posts/Java/performanceEngineering/2024-02-09-JVM-Compilation.md: categories ['Java', 'Performance Engineering'] -> ['Java', 'Performance Engineering']; tags ['Garbage Collection', 'Java'] -> ['Garbage Collection']
- _posts/Java/performanceEngineering/2024-02-17-JavaMissionControl.md: categories ['Java', 'Performance Engineering'] -> ['Java', 'Performance Engineering']; tags ['Benchmarking', 'Java'] -> ['Benchmarking']
- _posts/Java/performanceEngineering/2024-02-12-BenchmarkingWithJMH.md: categories ['Java', 'Performance Engineering'] -> ['Java', 'Performance Engineering']; tags ['Benchmarking', 'Java'] -> ['Benchmarking']
- _posts/Java/threads/2023-10-10-asynchronous-programming.md: categories ['Java', 'Multithreading'] -> ['Java', 'Multithreading']; tags ['Multithreading', 'Java'] -> ['Multithreading']
- _posts/Java/threads/2024-08-18-condition-variables.md: categories ['Java', 'Multithreading'] -> ['Java', 'Multithreading']; tags ['Multithreading', 'Java'] -> ['Multithreading']
- _posts/Java/threads/2024-07-27-ScopedVariables.md: categories ['Java', 'Multithreading'] -> ['Java', 'Multithreading']; tags ['Multithreading', 'Java'] -> ['Multithreading']
- _posts/Java/threads/2024-08-08-ThreadCreation.md: categories ['Java', 'Multithreading'] -> ['Java', 'Multithreading']; tags ['Multithreading', 'Java'] -> ['Multithreading']
- _posts/Java/threads/2022-08-06-race-condition.md: categories ['Java', 'Multithreading'] -> ['Java', 'Multithreading']; tags ['Multithreading', 'Java'] -> ['Multithreading']
- _posts/Java/threads/2024-07-26-ThreadLocal.md: categories ['Java', 'Multithreading'] -> ['Java', 'Multithreading']; tags ['Multithreading', 'Java'] -> ['Multithreading']
- _posts/Java/threads/2024-08-17-synchronization-mechanism-java.md: categories ['Java', 'Multithreading'] -> ['Java', 'Multithreading']; tags ['Multithreading', 'Java'] -> ['Multithreading']
- _posts/Java/threads/2024-07-27-Multithreading-theory.md: categories ['Java', 'Multithreading'] -> ['Java', 'Multithreading']; tags ['Multithreading', 'Java'] -> ['Multithreading']
- _posts/Java/threads/2024-08-18-reentrant-lock.md: categories ['Java', 'Multithreading'] -> ['Java', 'Multithreading']; tags ['Multithreading', 'Java'] -> ['Multithreading']
- _posts/Java/threads/2024-08-20-concurrent-collections.md: categories ['Java', 'Multithreading'] -> ['Java', 'Multithreading']; tags ['Multithreading', 'Java'] -> ['Multithreading']
- _posts/Java/threads/2024-08-18-semaphores.md: categories ['Java', 'Multithreading'] -> ['Java', 'Multithreading']; tags ['Multithreading', 'Java'] -> ['Multithreading']
- _posts/Java/threads/2024-08-12-Volatile.md: categories ['Java', 'Multithreading'] -> ['Java', 'Multithreading']; tags ['Multithreading', 'Java'] -> ['Multithreading']
- _posts/Java/threads/2024-07-20-structured-concurrency.md: categories ['Java', 'Multithreading'] -> ['Java', 'Multithreading']; tags ['Multithreading', 'Java'] -> ['Multithreading']
- _posts/Java/threads/2024-07-19-java21-virtualthreads.md: categories ['Java', 'Multithreading'] -> ['Java', 'Multithreading']; tags ['Multithreading', 'Java'] -> ['Multithreading']
- _posts/Java/threads/2022-07-15-Multithreading.md: categories ['Java', 'Multithreading'] -> ['Java', 'Multithreading']; tags ['Multithreading', 'Java'] -> ['Multithreading']
- _posts/Algo/trees/2025-01-21-b-b+-m-ary-trees.md: categories [] -> ['Algorithms']; tags ['Trees', 'Algorithms'] -> ['Trees']
- _posts/Algo/trees/2025-01-20-avl-tree.md: categories [] -> ['Algorithms']; tags ['Trees', 'Algorithms'] -> ['Trees']
- _posts/Algo/trees/2021-11-05-Heaps.md: categories [] -> ['Algorithms']; tags ['Trees', 'Heaps', 'Algorithms'] -> ['Trees']
- _posts/Algo/trees/2024-07-18-BFS.md: categories [] -> ['Algorithms']; tags ['Trees', 'Graphs', 'Algorithms'] -> ['Trees', 'Graphs']
- _posts/Algo/trees/2016-04-09-trees.md: categories [] -> ['Algorithms']; tags ['Trees', 'Algorithms'] -> ['Trees']
- _posts/Algo/utils/2022-02-02-strings.md: categories [] -> ['Algorithms']; tags ['Strings', 'Algorithms'] -> ['Algorithms']
- _posts/Algo/utils/2023-12-04-Arrays_Collections.md: categories [] -> ['Algorithms']; tags ['Arrays', 'Algorithms'] -> ['Arrays']
- _posts/Algo/utils/2023-12-04-Math.md: categories [] -> ['Algorithms']; tags ['Algorithms'] -> ['Algorithms']
- _posts/Algo/primitives/2023-11-29-Character.md: categories [] -> ['Algorithms']; tags ['Algorithms'] -> ['Algorithms']
- _posts/Algo/primitives/2017-02-01-maps.md: categories [] -> ['Algorithms']; tags ['Hashmaps', 'Algorithms'] -> ['Algorithms']
- _posts/Algo/primitives/2023-12-03-Double.md: categories [] -> ['Algorithms']; tags ['Algorithms'] -> ['Algorithms']
- _posts/Algo/primitives/2022-02-26-boolean.md: categories [] -> ['Algorithms']; tags ['Algorithms'] -> ['Algorithms']
- _posts/Algo/primitives/2023-11-27-integer.md: categories [] -> ['Algorithms']; tags ['Algorithms'] -> ['Algorithms']
- _posts/Algo/primitives/2023-11-27-bitwise-coding.md: categories [] -> ['Algorithms']; tags ['Bitwise', 'Algorithms'] -> ['Algorithms']
- _posts/Algo/graphs/2024-06-15-union-find.md: categories [] -> ['Algorithms']; tags ['Graphs', 'Algorithms'] -> ['Graphs']
- _posts/Algo/graphs/2024-07-17-DFS.md: categories [] -> ['Algorithms']; tags ['Graphs', 'Algorithms'] -> ['Graphs']
- _posts/Algo/graphs/2024-07-16-Graphs.md: categories [] -> ['Algorithms']; tags ['Graphs', 'Algorithms'] -> ['Graphs']
- _posts/systems_design/cache/2024-01-20-Cache.md: categories ['System Design'] -> ['System Design']; tags ['Caching', 'System Design'] -> ['Caching']
- _posts/systems_design/cache/2024-06-14-Redis.md: categories ['System Design'] -> ['System Design']; tags ['Caching', 'System Design'] -> ['Caching']
- _posts/microservices/testing/2023-11-16-junit-mockito-tests.md: categories ['Microservices', 'Testing'] -> ['Microservices', 'Testing']; tags ['Guide', 'Microservices'] -> ['Guide']
- _posts/microservices/testing/2023-11-24-power-mock-tests.md: categories ['Microservices', 'Testing'] -> ['Microservices', 'Testing']; tags ['Guide', 'Microservices'] -> ['Guide']
- _posts/microservices/testing/2025-06-23-bdd-jbehave.md: categories ['Microservices'] -> ['Microservices']; tags ['Guide', 'Microservices'] -> ['Guide']
- _posts/microservices/crud/2022-02-09-Spring-Data-Jpa.md: categories ['Microservices'] -> ['Microservices']; tags ['Spring Boot', 'Microservices'] -> ['Spring Boot']
- _posts/microservices/crud/2023-09-15-GET-rest-calls.md: categories ['Microservices'] -> ['Microservices']; tags ['REST', 'Microservices'] -> ['REST']
- _posts/microservices/crud/2024-01-31-Idempotence-HTTP-methods.md: categories ['Microservices'] -> ['Microservices']; tags ['REST', 'Microservices'] -> ['REST']
- _posts/microservices/crud/2023-09-15-spring-validations.md: categories ['Microservices'] -> ['Microservices']; tags ['Spring Boot', 'Microservices'] -> ['Spring Boot']
- _posts/microservices/crud/2025-06-03-springboot-interview-deepdive.md: categories ['Microservices'] -> ['Microservices']; tags ['Spring Boot', 'Microservices'] -> ['Spring Boot']
- _posts/microservices/crud/2023-09-15-spring-exceptions.md: categories ['Microservices'] -> ['Microservices']; tags ['Spring Boot', 'Microservices'] -> ['Spring Boot']
- _posts/microservices/crud/2023-09-15-spring-request-parameter.md: categories ['Microservices'] -> ['Microservices']; tags ['Spring Boot', 'Microservices'] -> ['Spring Boot']
- _posts/microservices/crud/2023-09-15-DELETE-rest-calls.md: categories ['Microservices'] -> ['Microservices']; tags ['REST', 'Microservices'] -> ['REST']
- _posts/microservices/crud/2023-09-15-springboot-reference.md: categories ['Microservices'] -> ['Microservices']; tags ['Spring Boot', 'Microservices'] -> ['Spring Boot']
- _posts/microservices/dependencyManagement/2023-11-24-gradle.md: categories ['Microservices'] -> ['Microservices']; tags ['Build Tools', 'Microservices'] -> ['Build Tools']
